Flow report for csb
Wed Apr 13 16:20:18 2022
Quartus II 64-Bit Version 13.1.0 Build 162 10/23/2013 SJ Full Version


---------------------
; Table of Contents ;
---------------------
  1. Legal Notice
  2. Flow Summary
  3. Flow Settings
  4. Flow Non-Default Global Settings
  5. Flow Elapsed Time
  6. Flow OS Summary
  7. Flow Log
  8. Flow Messages
  9. Flow Suppressed Messages



----------------
; Legal Notice ;
----------------
Copyright (C) 1991-2013 Altera Corporation
Your use of Altera Corporation's design tools, logic functions 
and other software and tools, and its AMPP partner logic 
functions, and any output files from any of the foregoing 
(including device programming or simulation files), and any 
associated documentation or information are expressly subject 
to the terms and conditions of the Altera Program License 
Subscription Agreement, Altera MegaCore Function License 
Agreement, or other applicable license agreement, including, 
without limitation, that your use is for the sole purpose of 
programming logic devices manufactured by Altera and sold by 
Altera or its authorized distributors.  Please refer to the 
applicable agreement for further details.



+----------------------------------------------------------------------------------+
; Flow Summary                                                                     ;
+------------------------------------+---------------------------------------------+
; Flow Status                        ; Successful - Wed Apr 13 16:20:18 2022       ;
; Quartus II 64-Bit Version          ; 13.1.0 Build 162 10/23/2013 SJ Full Version ;
; Revision Name                      ; csb                                         ;
; Top-level Entity Name              ; csb                                         ;
; Family                             ; Cyclone IV E                                ;
; Device                             ; EP4CE6E22C8                                 ;
; Timing Models                      ; Final                                       ;
; Total logic elements               ; 3,069 / 6,272 ( 49 % )                      ;
;     Total combinational functions  ; 3,061 / 6,272 ( 49 % )                      ;
;     Dedicated logic registers      ; 50 / 6,272 ( < 1 % )                        ;
; Total registers                    ; 50                                          ;
; Total pins                         ; 15 / 92 ( 16 % )                            ;
; Total virtual pins                 ; 0                                           ;
; Total memory bits                  ; 0 / 276,480 ( 0 % )                         ;
; Embedded Multiplier 9-bit elements ; 3 / 30 ( 10 % )                             ;
; Total PLLs                         ; 1 / 2 ( 50 % )                              ;
+------------------------------------+---------------------------------------------+


+-----------------------------------------+
; Flow Settings                           ;
+-------------------+---------------------+
; Option            ; Setting             ;
+-------------------+---------------------+
; Start date & time ; 04/13/2022 16:19:42 ;
; Main task         ; Compilation         ;
; Revision Name     ; csb                 ;
+-------------------+---------------------+


+--------------------------------------------------------------------------------------------------------------------------------+
; Flow Non-Default Global Settings                                                                                               ;
+-------------------------------------+-------------------------------------------+---------------+-------------+----------------+
; Assignment Name                     ; Value                                     ; Default Value ; Entity Name ; Section Id     ;
+-------------------------------------+-------------------------------------------+---------------+-------------+----------------+
; COMPILER_SIGNATURE_ID               ; 242944922277604.164983798216560           ; --            ; --          ; --             ;
; EDA_GENERATE_FUNCTIONAL_NETLIST     ; On                                        ; --            ; --          ; eda_simulation ;
; EDA_NETLIST_WRITER_OUTPUT_DIR       ; H:/EDAWORK/twice/Tsignal/simulation/qsim/ ; --            ; --          ; eda_simulation ;
; EDA_OUTPUT_DATA_FORMAT              ; Verilog Hdl                               ; --            ; --          ; eda_simulation ;
; EDA_SIMULATION_TOOL                 ; ModelSim-Altera (Verilog)                 ; <None>        ; --          ; --             ;
; IP_TOOL_NAME                        ; ALTPLL                                    ; --            ; --          ; --             ;
; IP_TOOL_NAME                        ; ALTPLL                                    ; --            ; --          ; --             ;
; IP_TOOL_NAME                        ; LPM_COUNTER                               ; --            ; --          ; --             ;
; IP_TOOL_VERSION                     ; 13.1                                      ; --            ; --          ; --             ;
; IP_TOOL_VERSION                     ; 13.1                                      ; --            ; --          ; --             ;
; IP_TOOL_VERSION                     ; 13.1                                      ; --            ; --          ; --             ;
; MAX_CORE_JUNCTION_TEMP              ; 85                                        ; --            ; --          ; --             ;
; MIN_CORE_JUNCTION_TEMP              ; 0                                         ; --            ; --          ; --             ;
; MISC_FILE                           ; altpll0.bsf                               ; --            ; --          ; --             ;
; MISC_FILE                           ; altpll0.cmp                               ; --            ; --          ; --             ;
; MISC_FILE                           ; altpll0.ppf                               ; --            ; --          ; --             ;
; MISC_FILE                           ; altpll1.bsf                               ; --            ; --          ; --             ;
; MISC_FILE                           ; altpll1.cmp                               ; --            ; --          ; --             ;
; MISC_FILE                           ; altpll1.ppf                               ; --            ; --          ; --             ;
; MISC_FILE                           ; lpm_counter0.bsf                          ; --            ; --          ; --             ;
; MISC_FILE                           ; lpm_counter0.cmp                          ; --            ; --          ; --             ;
; NOMINAL_CORE_SUPPLY_VOLTAGE         ; 1.2V                                      ; --            ; --          ; --             ;
; PARTITION_COLOR                     ; 16764057                                  ; --            ; --          ; Top            ;
; PARTITION_FITTER_PRESERVATION_LEVEL ; PLACEMENT_AND_ROUTING                     ; --            ; --          ; Top            ;
; PARTITION_NETLIST_TYPE              ; SOURCE                                    ; --            ; --          ; Top            ;
; PROJECT_OUTPUT_DIRECTORY            ; output_files                              ; --            ; --          ; --             ;
+-------------------------------------+-------------------------------------------+---------------+-------------+----------------+


+-------------------------------------------------------------------------------------------------------------------------------+
; Flow Elapsed Time                                                                                                             ;
+---------------------------+--------------+-------------------------+---------------------+------------------------------------+
; Module Name               ; Elapsed Time ; Average Processors Used ; Peak Virtual Memory ; Total CPU Time (on all processors) ;
+---------------------------+--------------+-------------------------+---------------------+------------------------------------+
; Analysis & Synthesis      ; 00:00:10     ; 1.0                     ; 4755 MB             ; 00:00:09                           ;
; Fitter                    ; 00:00:13     ; 3.2                     ; 5764 MB             ; 00:00:20                           ;
; Assembler                 ; 00:00:01     ; 1.0                     ; 4589 MB             ; 00:00:01                           ;
; TimeQuest Timing Analyzer ; 00:00:04     ; 1.0                     ; 4734 MB             ; 00:00:04                           ;
; EDA Netlist Writer        ; 00:00:01     ; 1.0                     ; 4564 MB             ; 00:00:01                           ;
; Total                     ; 00:00:29     ; --                      ; --                  ; 00:00:35                           ;
+---------------------------+--------------+-------------------------+---------------------+------------------------------------+


+----------------------------------------------------------------------------------------+
; Flow OS Summary                                                                        ;
+---------------------------+------------------+-----------+------------+----------------+
; Module Name               ; Machine Hostname ; OS Name   ; OS Version ; Processor type ;
+---------------------------+------------------+-----------+------------+----------------+
; Analysis & Synthesis      ; LAPTOP-1B2AODN2  ; Windows 7 ; 6.2        ; x86_64         ;
; Fitter                    ; LAPTOP-1B2AODN2  ; Windows 7 ; 6.2        ; x86_64         ;
; Assembler                 ; LAPTOP-1B2AODN2  ; Windows 7 ; 6.2        ; x86_64         ;
; TimeQuest Timing Analyzer ; LAPTOP-1B2AODN2  ; Windows 7 ; 6.2        ; x86_64         ;
; EDA Netlist Writer        ; LAPTOP-1B2AODN2  ; Windows 7 ; 6.2        ; x86_64         ;
+---------------------------+------------------+-----------+------------+----------------+


------------
; Flow Log ;
------------
quartus_map --read_settings_files=on --write_settings_files=off csb -c csb
quartus_fit --read_settings_files=off --write_settings_files=off csb -c csb
quartus_asm --read_settings_files=off --write_settings_files=off csb -c csb
quartus_sta csb -c csb
quartus_eda --read_settings_files=off --write_settings_files=off csb -c csb



